<?xml version="1.0" encoding="UTF-8"?>
<!-- Generated by org.testng.reporters.JUnitReportReporter -->
<testsuite hostname="ARCHANAR-61RDNN2" failures="0" tests="1" name="mavenforjenkins.UITest" time="9.916" errors="0" timestamp="2023-01-05T12:13:41 IST" skipped="0">
  <testcase classname="mavenforjenkins.UITest" name="startBrowser" time="9.916"/>
  <system-out/>
</testsuite> <!-- mavenforjenkins.UITest -->
